<?xml version="1.0" encoding="UTF-8"?>
<!-- Generated by org.testng.reporters.JUnitReportReporter -->
<testsuite hostname="B4457" name="com.prannoy.testng2.maven.test.PageObjectModelTest" tests="1" failures="0" timestamp="26 May 2015 15:33:27 GMT" time="40.411" errors="0">
  <testcase name="main" time="40.411" classname="com.prannoy.testng2.maven.test.PageObjectModelTest"/>
</testsuite> <!-- com.prannoy.testng2.maven.test.PageObjectModelTest -->
