<?xml version="1.0" encoding="UTF-8"?>
<!-- Generated by org.testng.reporters.JUnitReportReporter -->
<testsuite hostname="B4457" name="com.prannoy.testng2.maven.test.AppTest" tests="1" failures="0" timestamp="29 May 2015 19:18:25 GMT" time="29.270" errors="0">
  <testcase name="main" time="29.270" classname="com.prannoy.testng2.maven.test.AppTest"/>
</testsuite> <!-- com.prannoy.testng2.maven.test.AppTest -->
