<?xml version="1.0" encoding="UTF-8"?>
<!-- Generated by org.testng.reporters.JUnitReportReporter -->
<testsuite hostname="B4457" name="com.prannoy.testng2.maven.test.SplendorTest" tests="1" failures="0" timestamp="5 Jun 2015 17:44:15 GMT" time="39.641" errors="0">
  <testcase name="main" time="39.641" classname="com.prannoy.testng2.maven.test.SplendorTest"/>
</testsuite> <!-- com.prannoy.testng2.maven.test.SplendorTest -->
