<?xml version="1.0" encoding="UTF-8"?>
<!-- Generated by org.testng.reporters.JUnitReportReporter -->
<testsuite hostname="B4457" name="com.prannoy.testng2.maven.test.AppTest" tests="1" failures="0" timestamp="9 Jun 2015 14:58:37 GMT" time="31.618" errors="0">
  <testcase name="main" time="31.618" classname="com.prannoy.testng2.maven.test.AppTest"/>
</testsuite> <!-- com.prannoy.testng2.maven.test.AppTest -->
